
==========================================================================
global route report_tns
--------------------------------------------------------------------------
tns -0.08

==========================================================================
global route report_wns
--------------------------------------------------------------------------
wns -0.04

==========================================================================
global route report_worst_slack
--------------------------------------------------------------------------
worst slack -0.04

==========================================================================
global route report_clock_skew
--------------------------------------------------------------------------
Clock core_clock
No launch/capture paths found.


==========================================================================
global route report_checks -path_delay min
--------------------------------------------------------------------------
Startpoint: B[4] (input port clocked by core_clock)
Endpoint: A_equal (output port clocked by core_clock)
Path Group: core_clock
Path Type: min

Fanout     Cap    Slew   Delay    Time   Description
-----------------------------------------------------------------------------
                  0.00    0.00    0.00   clock core_clock (rise edge)
                          0.00    0.00   clock network delay (ideal)
                          0.46    0.46 ^ input external delay
     1    0.01    0.00    0.00    0.46 ^ B[4] (in)
                                         B[4] (net)
                  0.00    0.00    0.46 ^ input13/A (sky130_fd_sc_hd__buf_6)
     2    0.01    0.03    0.07    0.53 ^ input13/X (sky130_fd_sc_hd__buf_6)
                                         net13 (net)
                  0.03    0.00    0.53 ^ _25_/A (sky130_fd_sc_hd__xnor2_1)
     1    0.01    0.05    0.07    0.61 v _25_/Y (sky130_fd_sc_hd__xnor2_1)
                                         _00_ (net)
                  0.05    0.00    0.61 v _29_/A (sky130_fd_sc_hd__nand4_1)
     2    0.01    0.10    0.10    0.71 ^ _29_/Y (sky130_fd_sc_hd__nand4_1)
                                         _04_ (net)
                  0.10    0.00    0.71 ^ _35_/A (sky130_fd_sc_hd__nor2_1)
     1    0.00    0.03    0.05    0.77 v _35_/Y (sky130_fd_sc_hd__nor2_1)
                                         net17 (net)
                  0.03    0.00    0.77 v output17/A (sky130_fd_sc_hd__clkbuf_1)
     1    0.00    0.02    0.08    0.85 v output17/X (sky130_fd_sc_hd__clkbuf_1)
                                         A_equal (net)
                  0.02    0.00    0.85 v A_equal (out)
                                  0.85   data arrival time

                  0.00    0.00    0.00   clock core_clock (rise edge)
                          0.00    0.00   clock network delay (ideal)
                          0.00    0.00   clock reconvergence pessimism
                         -0.46   -0.46   output external delay
                                 -0.46   data required time
-----------------------------------------------------------------------------
                                 -0.46   data required time
                                 -0.85   data arrival time
-----------------------------------------------------------------------------
                                  1.31   slack (MET)



==========================================================================
global route report_checks -path_delay max
--------------------------------------------------------------------------
Startpoint: B[0] (input port clocked by core_clock)
Endpoint: A_less (output port clocked by core_clock)
Path Group: core_clock
Path Type: max

Fanout     Cap    Slew   Delay    Time   Description
-----------------------------------------------------------------------------
                  0.00    0.00    0.00   clock core_clock (rise edge)
                          0.00    0.00   clock network delay (ideal)
                          0.46    0.46 v input external delay
     1    0.01    0.00    0.00    0.46 v B[0] (in)
                                         B[0] (net)
                  0.00    0.00    0.46 v input9/A (sky130_fd_sc_hd__buf_6)
     2    0.01    0.03    0.10    0.56 v input9/X (sky130_fd_sc_hd__buf_6)
                                         net9 (net)
                  0.03    0.00    0.56 v _40_/A_N (sky130_fd_sc_hd__nand2b_4)
     1    0.00    0.03    0.13    0.68 v _40_/Y (sky130_fd_sc_hd__nand2b_4)
                                         _14_ (net)
                  0.03    0.00    0.68 v _41_/B (sky130_fd_sc_hd__maj3_2)
     1    0.01    0.06    0.30    0.98 v _41_/X (sky130_fd_sc_hd__maj3_2)
                                         _15_ (net)
                  0.06    0.00    0.98 v _42_/B (sky130_fd_sc_hd__maj3_2)
     1    0.00    0.06    0.30    1.28 v _42_/X (sky130_fd_sc_hd__maj3_2)
                                         _16_ (net)
                  0.06    0.00    1.28 v _43_/B (sky130_fd_sc_hd__maj3_2)
     2    0.01    0.08    0.33    1.60 v _43_/X (sky130_fd_sc_hd__maj3_2)
                                         _17_ (net)
                  0.08    0.00    1.60 v _52_/A1 (sky130_fd_sc_hd__a31o_1)
     1    0.00    0.04    0.19    1.79 v _52_/X (sky130_fd_sc_hd__a31o_1)
                                         net19 (net)
                  0.04    0.00    1.79 v output19/A (sky130_fd_sc_hd__clkbuf_1)
     1    0.00    0.03    0.09    1.88 v output19/X (sky130_fd_sc_hd__clkbuf_1)
                                         A_less (net)
                  0.03    0.00    1.88 v A_less (out)
                                  1.88   data arrival time

                  0.00    2.30    2.30   clock core_clock (rise edge)
                          0.00    2.30   clock network delay (ideal)
                          0.00    2.30   clock reconvergence pessimism
                         -0.46    1.84   output external delay
                                  1.84   data required time
-----------------------------------------------------------------------------
                                  1.84   data required time
                                 -1.88   data arrival time
-----------------------------------------------------------------------------
                                 -0.04   slack (VIOLATED)



==========================================================================
global route report_checks -unconstrained
--------------------------------------------------------------------------
Startpoint: B[0] (input port clocked by core_clock)
Endpoint: A_less (output port clocked by core_clock)
Path Group: core_clock
Path Type: max

Fanout     Cap    Slew   Delay    Time   Description
-----------------------------------------------------------------------------
                  0.00    0.00    0.00   clock core_clock (rise edge)
                          0.00    0.00   clock network delay (ideal)
                          0.46    0.46 v input external delay
     1    0.01    0.00    0.00    0.46 v B[0] (in)
                                         B[0] (net)
                  0.00    0.00    0.46 v input9/A (sky130_fd_sc_hd__buf_6)
     2    0.01    0.03    0.10    0.56 v input9/X (sky130_fd_sc_hd__buf_6)
                                         net9 (net)
                  0.03    0.00    0.56 v _40_/A_N (sky130_fd_sc_hd__nand2b_4)
     1    0.00    0.03    0.13    0.68 v _40_/Y (sky130_fd_sc_hd__nand2b_4)
                                         _14_ (net)
                  0.03    0.00    0.68 v _41_/B (sky130_fd_sc_hd__maj3_2)
     1    0.01    0.06    0.30    0.98 v _41_/X (sky130_fd_sc_hd__maj3_2)
                                         _15_ (net)
                  0.06    0.00    0.98 v _42_/B (sky130_fd_sc_hd__maj3_2)
     1    0.00    0.06    0.30    1.28 v _42_/X (sky130_fd_sc_hd__maj3_2)
                                         _16_ (net)
                  0.06    0.00    1.28 v _43_/B (sky130_fd_sc_hd__maj3_2)
     2    0.01    0.08    0.33    1.60 v _43_/X (sky130_fd_sc_hd__maj3_2)
                                         _17_ (net)
                  0.08    0.00    1.60 v _52_/A1 (sky130_fd_sc_hd__a31o_1)
     1    0.00    0.04    0.19    1.79 v _52_/X (sky130_fd_sc_hd__a31o_1)
                                         net19 (net)
                  0.04    0.00    1.79 v output19/A (sky130_fd_sc_hd__clkbuf_1)
     1    0.00    0.03    0.09    1.88 v output19/X (sky130_fd_sc_hd__clkbuf_1)
                                         A_less (net)
                  0.03    0.00    1.88 v A_less (out)
                                  1.88   data arrival time

                  0.00    2.30    2.30   clock core_clock (rise edge)
                          0.00    2.30   clock network delay (ideal)
                          0.00    2.30   clock reconvergence pessimism
                         -0.46    1.84   output external delay
                                  1.84   data required time
-----------------------------------------------------------------------------
                                  1.84   data required time
                                 -1.88   data arrival time
-----------------------------------------------------------------------------
                                 -0.04   slack (VIOLATED)



==========================================================================
global route report_check_types -max_slew -max_cap -max_fanout -violators
--------------------------------------------------------------------------

==========================================================================
global route max_slew_check_slack
--------------------------------------------------------------------------
1.3222705125808716

==========================================================================
global route max_slew_check_limit
--------------------------------------------------------------------------
1.4892979860305786

==========================================================================
global route max_slew_check_slack_limit
--------------------------------------------------------------------------
0.8878

==========================================================================
global route max_fanout_check_slack
--------------------------------------------------------------------------
1.0000000150474662e+30

==========================================================================
global route max_fanout_check_limit
--------------------------------------------------------------------------
1.0000000150474662e+30

==========================================================================
global route max_capacitance_check_slack
--------------------------------------------------------------------------
0.06409965455532074

==========================================================================
global route max_capacitance_check_limit
--------------------------------------------------------------------------
0.0695900022983551

==========================================================================
global route max_capacitance_check_slack_limit
--------------------------------------------------------------------------
0.9211

==========================================================================
global route max_slew_violation_count
--------------------------------------------------------------------------
max slew violation count 0

==========================================================================
global route max_fanout_violation_count
--------------------------------------------------------------------------
max fanout violation count 0

==========================================================================
global route max_cap_violation_count
--------------------------------------------------------------------------
max cap violation count 0

==========================================================================
global route setup_violation_count
--------------------------------------------------------------------------
setup violation count 2

==========================================================================
global route hold_violation_count
--------------------------------------------------------------------------
hold violation count 0

==========================================================================
global route critical path delay
--------------------------------------------------------------------------
1.8805

==========================================================================
global route critical path slack
--------------------------------------------------------------------------
-0.0405

==========================================================================
global route slack div critical path delay
--------------------------------------------------------------------------
-2.153683

==========================================================================
global route report_power
--------------------------------------------------------------------------
Group                  Internal  Switching    Leakage      Total
                          Power      Power      Power      Power (Watts)
----------------------------------------------------------------
Sequential             0.00e+00   0.00e+00   0.00e+00   0.00e+00   0.0%
Combinational          3.38e-05   3.02e-05   1.37e-10   6.39e-05 100.0%
Clock                  0.00e+00   0.00e+00   0.00e+00   0.00e+00   0.0%
Macro                  0.00e+00   0.00e+00   0.00e+00   0.00e+00   0.0%
Pad                    0.00e+00   0.00e+00   0.00e+00   0.00e+00   0.0%
----------------------------------------------------------------
Total                  3.38e-05   3.02e-05   1.37e-10   6.39e-05 100.0%
                          52.8%      47.2%       0.0%
